# JRE version: OpenJDK Runtime Environment (14.0+36) (build 14+36-1461)
# Java VM: OpenJDK 64-Bit Server VM (14+36-1461, mixed mode, tiered, compressed oops, g1 gc, windows-amd64)
Heap:
 garbage-first heap   total 500736K, used 239104K [0x00000006c1000000, 0x00000007c0000000)
  region size 1024K, 40 young (40960K), 15 survivors (15360K)
 Metaspace       used 19168K, capacity 19726K, committed 19968K, reserved 1067008K
  class space    used 1698K, capacity 1931K, committed 2048K, reserved 1048576K
GC Heap History (20 events):
Event: 72.271 GC heap before
{Heap before GC invocations=55 (full 0):
 garbage-first heap   total 447488K, used 363909K [0x00000006c1000000, 0x00000007c0000000)
  region size 1024K, 51 young (52224K), 8 survivors (8192K)
 Metaspace       used 19160K, capacity 19726K, committed 19968K, reserved 1067008K
  class space    used 1698K, capacity 1931K, committed 2048K, reserved 1048576K
}
Event: 72.277 GC heap after
{Heap after GC invocations=56 (full 0):
 garbage-first heap   total 447488K, used 332800K [0x00000006c1000000, 0x00000007c0000000)
  region size 1024K, 7 young (7168K), 7 survivors (7168K)
 Metaspace       used 19160K, capacity 19726K, committed 19968K, reserved 1067008K
  class space    used 1698K, capacity 1931K, committed 2048K, reserved 1048576K
}
Event: 74.970 GC heap before
{Heap before GC invocations=56 (full 0):
 garbage-first heap   total 447488K, used 369664K [0x00000006c1000000, 0x00000007c0000000)
  region size 1024K, 44 young (45056K), 7 survivors (7168K)
 Metaspace       used 19160K, capacity 19726K, committed 19968K, reserved 1067008K
  class space    used 1698K, capacity 1931K, committed 2048K, reserved 1048576K
}
Event: 74.975 GC heap after
{Heap after GC invocations=57 (full 0):
 garbage-first heap   total 447488K, used 340992K [0x00000006c1000000, 0x00000007c0000000)
  region size 1024K, 6 young (6144K), 6 survivors (6144K)
 Metaspace       used 19160K, capacity 19726K, committed 19968K, reserved 1067008K
  class space    used 1698K, capacity 1931K, committed 2048K, reserved 1048576K
}
Event: 75.153 GC heap before
{Heap before GC invocations=57 (full 0):
 garbage-first heap   total 447488K, used 373760K [0x00000006c1000000, 0x00000007c0000000)
  region size 1024K, 39 young (39936K), 6 survivors (6144K)
 Metaspace       used 19160K, capacity 19726K, committed 19968K, reserved 1067008K
  class space    used 1698K, capacity 1931K, committed 2048K, reserved 1048576K
}
Event: 75.158 GC heap after
{Heap after GC invocations=58 (full 0):
 garbage-first heap   total 447488K, used 349781K [0x00000006c1000000, 0x00000007c0000000)
  region size 1024K, 5 young (5120K), 5 survivors (5120K)
 Metaspace       used 19160K, capacity 19726K, committed 19968K, reserved 1067008K
  class space    used 1698K, capacity 1931K, committed 2048K, reserved 1048576K
}
Event: 75.350 GC heap before
{Heap before GC invocations=58 (full 0):
 garbage-first heap   total 447488K, used 377429K [0x00000006c1000000, 0x00000007c0000000)
  region size 1024K, 33 young (33792K), 5 survivors (5120K)
 Metaspace       used 19160K, capacity 19726K, committed 19968K, reserved 1067008K
  class space    used 1698K, capacity 1931K, committed 2048K, reserved 1048576K
}
Event: 75.354 GC heap after
{Heap after GC invocations=59 (full 0):
 garbage-first heap   total 447488K, used 356892K [0x00000006c1000000, 0x00000007c0000000)
  region size 1024K, 5 young (5120K), 5 survivors (5120K)
 Metaspace       used 19160K, capacity 19726K, committed 19968K, reserved 1067008K
  class space    used 1698K, capacity 1931K, committed 2048K, reserved 1048576K
}
Event: 75.529 GC heap before
{Heap before GC invocations=60 (full 0):
 garbage-first heap   total 416768K, used 130588K [0x00000006c1000000, 0x00000007c0000000)
  region size 1024K, 30 young (30720K), 5 survivors (5120K)
 Metaspace       used 19160K, capacity 19726K, committed 19968K, reserved 1067008K
  class space    used 1698K, capacity 1931K, committed 2048K, reserved 1048576K
}
Event: 75.533 GC heap after
{Heap after GC invocations=61 (full 0):
 garbage-first heap   total 416768K, used 113318K [0x00000006c1000000, 0x00000007c0000000)
  region size 1024K, 4 young (4096K), 4 survivors (4096K)
 Metaspace       used 19160K, capacity 19726K, committed 19968K, reserved 1067008K
  class space    used 1698K, capacity 1931K, committed 2048K, reserved 1048576K
}
Event: 75.538 GC heap before
{Heap before GC invocations=61 (full 0):
 garbage-first heap   total 416768K, used 128678K [0x00000006c1000000, 0x00000007c0000000)
  region size 1024K, 20 young (20480K), 4 survivors (4096K)
 Metaspace       used 19160K, capacity 19726K, committed 19968K, reserved 1067008K
  class space    used 1698K, capacity 1931K, committed 2048K, reserved 1048576K
}
Event: 75.547 GC heap after
{Heap after GC invocations=62 (full 0):
 garbage-first heap   total 416768K, used 89380K [0x00000006c1000000, 0x00000007c0000000)
  region size 1024K, 3 young (3072K), 3 survivors (3072K)
 Metaspace       used 19160K, capacity 19726K, committed 19968K, reserved 1067008K
  class space    used 1698K, capacity 1931K, committed 2048K, reserved 1048576K
}
Event: 76.319 GC heap before
{Heap before GC invocations=62 (full 0):
 garbage-first heap   total 416768K, used 248100K [0x00000006c1000000, 0x00000007c0000000)
  region size 1024K, 158 young (161792K), 3 survivors (3072K)
 Metaspace       used 19164K, capacity 19726K, committed 19968K, reserved 1067008K
  class space    used 1698K, capacity 1931K, committed 2048K, reserved 1048576K
}
Event: 76.335 GC heap after
{Heap after GC invocations=63 (full 0):
 garbage-first heap   total 416768K, used 129024K [0x00000006c1000000, 0x00000007c0000000)
  region size 1024K, 20 young (20480K), 20 survivors (20480K)
 Metaspace       used 19164K, capacity 19726K, committed 19968K, reserved 1067008K
  class space    used 1698K, capacity 1931K, committed 2048K, reserved 1048576K
}
Event: 77.066 GC heap before
{Heap before GC invocations=63 (full 0):
 garbage-first heap   total 416768K, used 266240K [0x00000006c1000000, 0x00000007c0000000)
  region size 1024K, 154 young (157696K), 20 survivors (20480K)
 Metaspace       used 19166K, capacity 19726K, committed 19968K, reserved 1067008K
  class space    used 1698K, capacity 1931K, committed 2048K, reserved 1048576K
}
Event: 77.082 GC heap after
{Heap after GC invocations=64 (full 0):
 garbage-first heap   total 416768K, used 162816K [0x00000006c1000000, 0x00000007c0000000)
  region size 1024K, 20 young (20480K), 20 survivors (20480K)
 Metaspace       used 19166K, capacity 19726K, committed 19968K, reserved 1067008K
  class space    used 1698K, capacity 1931K, committed 2048K, reserved 1048576K
}
Event: 77.467 GC heap before
{Heap before GC invocations=64 (full 0):
 garbage-first heap   total 416768K, used 279552K [0x00000006c1000000, 0x00000007c0000000)
  region size 1024K, 135 young (138240K), 20 survivors (20480K)
 Metaspace       used 19167K, capacity 19726K, committed 19968K, reserved 1067008K
  class space    used 1698K, capacity 1931K, committed 2048K, reserved 1048576K
}
Event: 77.482 GC heap after
{Heap after GC invocations=65 (full 0):
 garbage-first heap   total 416768K, used 189440K [0x00000006c1000000, 0x00000007c0000000)
  region size 1024K, 17 young (17408K), 17 survivors (17408K)
 Metaspace       used 19167K, capacity 19726K, committed 19968K, reserved 1067008K
  class space    used 1698K, capacity 1931K, committed 2048K, reserved 1048576K
}
Event: 78.031 GC heap before
{Heap before GC invocations=65 (full 0):
 garbage-first heap   total 416768K, used 292864K [0x00000006c1000000, 0x00000007c0000000)
  region size 1024K, 118 young (120832K), 17 survivors (17408K)
 Metaspace       used 19167K, capacity 19726K, committed 19968K, reserved 1067008K
  class space    used 1698K, capacity 1931K, committed 2048K, reserved 1048576K
}
Event: 78.044 GC heap after
{Heap after GC invocations=66 (full 0):
 garbage-first heap   total 500736K, used 214528K [0x00000006c1000000, 0x00000007c0000000)
  region size 1024K, 15 young (15360K), 15 survivors (15360K)
 Metaspace       used 19167K, capacity 19726K, committed 19968K, reserved 1067008K
  class space    used 1698K, capacity 1931K, committed 2048K, reserved 1048576K
}

