# JRE version: OpenJDK Runtime Environment (14.0+36) (build 14+36-1461)
# Java VM: OpenJDK 64-Bit Server VM (14+36-1461, mixed mode, tiered, compressed oops, g1 gc, windows-amd64)
Heap:
 garbage-first heap   total 262144K, used 12653K [0x00000006c1000000, 0x00000007c0000000)
  region size 1024K, 6 young (6144K), 5 survivors (5120K)
 Metaspace       used 18715K, capacity 19149K, committed 19200K, reserved 1081344K
  class space    used 1579K, capacity 1753K, committed 1792K, reserved 1048576K
GC Heap History (12 events):
Event: 0.450 GC heap before
{Heap before GC invocations=0 (full 0):
 garbage-first heap   total 262144K, used 23552K [0x00000006c1000000, 0x00000007c0000000)
  region size 1024K, 23 young (23552K), 0 survivors (0K)
 Metaspace       used 10197K, capacity 10420K, committed 10624K, reserved 1058816K
  class space    used 994K, capacity 1092K, committed 1152K, reserved 1048576K
}
Event: 0.453 GC heap after
{Heap after GC invocations=1 (full 0):
 garbage-first heap   total 262144K, used 2206K [0x00000006c1000000, 0x00000007c0000000)
  region size 1024K, 3 young (3072K), 3 survivors (3072K)
 Metaspace       used 10197K, capacity 10420K, committed 10624K, reserved 1058816K
  class space    used 994K, capacity 1092K, committed 1152K, reserved 1048576K
}
Event: 0.903 GC heap before
{Heap before GC invocations=1 (full 0):
 garbage-first heap   total 262144K, used 41118K [0x00000006c1000000, 0x00000007c0000000)
  region size 1024K, 40 young (40960K), 3 survivors (3072K)
 Metaspace       used 13216K, capacity 13630K, committed 13824K, reserved 1060864K
  class space    used 1297K, capacity 1445K, committed 1536K, reserved 1048576K
}
Event: 0.913 GC heap after
{Heap after GC invocations=2 (full 0):
 garbage-first heap   total 262144K, used 14140K [0x00000006c1000000, 0x00000007c0000000)
  region size 1024K, 5 young (5120K), 5 survivors (5120K)
 Metaspace       used 13216K, capacity 13630K, committed 13824K, reserved 1060864K
  class space    used 1297K, capacity 1445K, committed 1536K, reserved 1048576K
}
Event: 22.125 GC heap before
{Heap before GC invocations=2 (full 0):
 garbage-first heap   total 262144K, used 128828K [0x00000006c1000000, 0x00000007c0000000)
  region size 1024K, 117 young (119808K), 5 survivors (5120K)
 Metaspace       used 17987K, capacity 18411K, committed 18688K, reserved 1067008K
  class space    used 1522K, capacity 1677K, committed 1792K, reserved 1048576K
}
Event: 22.132 GC heap after
{Heap after GC invocations=3 (full 0):
 garbage-first heap   total 262144K, used 15424K [0x00000006c1000000, 0x00000007c0000000)
  region size 1024K, 7 young (7168K), 7 survivors (7168K)
 Metaspace       used 17987K, capacity 18411K, committed 18688K, reserved 1067008K
  class space    used 1522K, capacity 1677K, committed 1792K, reserved 1048576K
}
Event: 56.498 GC heap before
{Heap before GC invocations=3 (full 0):
 garbage-first heap   total 262144K, used 164928K [0x00000006c1000000, 0x00000007c0000000)
  region size 1024K, 153 young (156672K), 7 survivors (7168K)
 Metaspace       used 17988K, capacity 18411K, committed 18688K, reserved 1067008K
  class space    used 1522K, capacity 1677K, committed 1792K, reserved 1048576K
}
Event: 56.503 GC heap after
{Heap after GC invocations=4 (full 0):
 garbage-first heap   total 262144K, used 15872K [0x00000006c1000000, 0x00000007c0000000)
  region size 1024K, 7 young (7168K), 7 survivors (7168K)
 Metaspace       used 17988K, capacity 18411K, committed 18688K, reserved 1067008K
  class space    used 1522K, capacity 1677K, committed 1792K, reserved 1048576K
}
Event: 94.705 GC heap before
{Heap before GC invocations=4 (full 0):
 garbage-first heap   total 262144K, used 165376K [0x00000006c1000000, 0x00000007c0000000)
  region size 1024K, 153 young (156672K), 7 survivors (7168K)
 Metaspace       used 17988K, capacity 18411K, committed 18688K, reserved 1067008K
  class space    used 1522K, capacity 1677K, committed 1792K, reserved 1048576K
}
Event: 94.743 GC heap after
{Heap after GC invocations=5 (full 0):
 garbage-first heap   total 262144K, used 15923K [0x00000006c1000000, 0x00000007c0000000)
  region size 1024K, 7 young (7168K), 7 survivors (7168K)
 Metaspace       used 17988K, capacity 18411K, committed 18688K, reserved 1067008K
  class space    used 1522K, capacity 1677K, committed 1792K, reserved 1048576K
}
Event: 145.334 GC heap before
{Heap before GC invocations=5 (full 0):
 garbage-first heap   total 262144K, used 165427K [0x00000006c1000000, 0x00000007c0000000)
  region size 1024K, 153 young (156672K), 7 survivors (7168K)
 Metaspace       used 17988K, capacity 18411K, committed 18688K, reserved 1067008K
  class space    used 1522K, capacity 1677K, committed 1792K, reserved 1048576K
}
Event: 145.352 GC heap after
{Heap after GC invocations=6 (full 0):
 garbage-first heap   total 262144K, used 16124K [0x00000006c1000000, 0x00000007c0000000)
  region size 1024K, 7 young (7168K), 7 survivors (7168K)
 Metaspace       used 17988K, capacity 18411K, committed 18688K, reserved 1067008K
  class space    used 1522K, capacity 1677K, committed 1792K, reserved 1048576K
}

